16.12.2009 16:20:08 logger.ServerLogger writeLogMessage
INFO: Server spusten
17.12.2009 15:21:10 logger.ServerLogger writeLogMessage
INFO: Server spusten
17.12.2009 19:36:30 logger.ServerLogger writeLogMessage
INFO: Server spusten
17.12.2009 20:29:17 logger.ServerLogger writeLogMessage
INFO: Server spusten
17.12.2009 20:30:08 logger.ServerLogger writeLogMessage
INFO: Server spusten
17.12.2009 23:43:39 logger.ServerLogger writeLogMessage
INFO: Server spusten
17.12.2009 23:46:46 logger.ServerLogger writeLogMessage
INFO: Server spusten
17.12.2009 23:49:47 logger.ServerLogger writeLogMessage
INFO: Server spusten
18.12.2009 10:29:15 logger.ServerLogger writeLogMessage
INFO: Server spusten
18.12.2009 10:35:22 logger.ServerLogger writeLogMessage
INFO: Server spusten
10.1.2010 16:17:47 logger.ServerLogger writeLogMessage
INFO: Server spusten
10.1.2010 16:22:05 logger.ServerLogger writeLogMessage
INFO: Server spusten
10.1.2010 16:22:27 logger.ServerLogger writeLogMessage
INFO: Server spusten
10.1.2010 16:24:21 logger.ServerLogger writeLogMessage
INFO: Server spusten
10.1.2010 16:35:16 logger.ServerLogger writeLogMessage
INFO: Server spusten
10.1.2010 16:36:23 logger.ServerLogger writeLogMessage
INFO: Server spusten
10.1.2010 16:39:05 logger.ServerLogger writeLogMessage
INFO: Server spusten
10.1.2010 16:42:31 logger.ServerLogger writeLogMessage
INFO: Server spusten
10.1.2010 16:43:01 logger.ServerLogger writeLogMessage
INFO: Server spusten
10.1.2010 16:44:54 logger.ServerLogger writeLogMessage
INFO: Server spusten
10.1.2010 16:46:03 logger.ServerLogger writeLogMessage
INFO: Server spusten
10.1.2010 16:52:22 logger.ServerLogger writeLogMessage
INFO: Server spusten
10.1.2010 16:52:58 logger.ServerLogger writeLogMessage
INFO: Server spusten
10.1.2010 16:55:18 logger.ServerLogger writeLogMessage
INFO: Server spusten
10.1.2010 16:56:43 logger.ServerLogger writeLogMessage
INFO: Server spusten
10.1.2010 16:57:52 logger.ServerLogger writeLogMessage
INFO: Server spusten
10.1.2010 17:00:15 logger.ServerLogger writeLogMessage
INFO: Server spusten
10.1.2010 17:01:41 logger.ServerLogger writeLogMessage
INFO: Server spusten
10.1.2010 17:03:56 logger.ServerLogger writeLogMessage
INFO: Server spusten
10.1.2010 17:11:35 logger.ServerLogger writeLogMessage
INFO: Server spusten
10.1.2010 17:15:41 logger.ServerLogger writeLogMessage
INFO: Server spusten
10.1.2010 17:25:17 logger.ServerLogger writeLogMessage
INFO: Server spusten
10.1.2010 17:31:27 logger.ServerLogger writeLogMessage
INFO: Server spusten
10.1.2010 17:43:19 logger.ServerLogger writeLogMessage
INFO: Server spusten
10.1.2010 17:44:24 logger.ServerLogger writeLogMessage
INFO: Server spusten
10.1.2010 17:48:31 logger.ServerLogger writeLogMessage
INFO: Server spusten
11.1.2010 17:42:59 logger.ServerLogger writeLogMessage
INFO: Server spusten
11.1.2010 17:43:50 logger.ServerLogger writeLogMessage
INFO: Server spusten
11.1.2010 17:48:57 logger.ServerLogger writeLogMessage
INFO: Server spusten
11.1.2010 17:52:32 logger.ServerLogger writeLogMessage
INFO: Server spusten
11.1.2010 17:55:40 logger.ServerLogger writeLogMessage
INFO: Server spusten
11.1.2010 18:03:10 logger.ServerLogger writeLogMessage
INFO: Server spusten
11.1.2010 18:07:07 logger.ServerLogger writeLogMessage
INFO: Server spusten
11.1.2010 18:12:17 logger.ServerLogger writeLogMessage
INFO: Server spusten
11.1.2010 18:14:46 logger.ServerLogger writeLogMessage
INFO: Server spusten
11.1.2010 18:16:42 logger.ServerLogger writeLogMessage
INFO: Server spusten
11.1.2010 18:19:31 logger.ServerLogger writeLogMessage
INFO: Server spusten
11.1.2010 19:20:47 logger.ServerLogger writeLogMessage
INFO: Server spusten
11.1.2010 19:29:47 logger.ServerLogger writeLogMessage
INFO: Server spusten
11.1.2010 19:30:17 logger.ServerLogger writeLogMessage
INFO: Server spusten
11.1.2010 19:32:41 logger.ServerLogger writeLogMessage
INFO: Server spusten
12.1.2010 12:27:43 logger.ServerLogger writeLogMessage
INFO: Server spusten
12.1.2010 12:28:36 logger.ServerLogger writeLogMessage
INFO: Server spusten
12.1.2010 13:00:06 logger.ServerLogger writeLogMessage
INFO: Server spusten
12.1.2010 13:35:43 logger.ServerLogger writeLogMessage
INFO: Server spusten
12.1.2010 13:37:16 logger.ServerLogger writeLogMessage
INFO: Server spusten
12.1.2010 13:39:40 logger.ServerLogger writeLogMessage
INFO: Server spusten
12.1.2010 13:53:29 logger.ServerLogger writeLogMessage
INFO: Server spusten
12.1.2010 13:53:43 logger.ServerLogger writeLogMessage
INFO: Server spusten
12.1.2010 13:58:17 logger.ServerLogger writeLogMessage
INFO: Server spusten
12.1.2010 14:15:39 logger.ServerLogger writeLogMessage
INFO: Server spusten
12.1.2010 16:11:04 logger.ServerLogger writeLogMessage
INFO: Server spusten
12.1.2010 17:55:09 logger.ServerLogger writeLogMessage
INFO: Server spusten
12.1.2010 17:56:23 logger.ServerLogger writeLogMessage
INFO: Server spusten
12.1.2010 21:32:43 logger.ServerLogger writeLogMessage
INFO: Server spusten
2.3.2010 20:39:06 logger.ServerLogger writeLogMessage
INFO: Server spusten
2.3.2010 20:42:24 logger.ServerLogger writeLogMessage
INFO: Server spusten
3.3.2010 8:00:14 logger.ServerLogger writeLogMessage
INFO: Server spusten
3.3.2010 10:06:59 logger.ServerLogger writeLogMessage
INFO: Server spusten
3.3.2010 15:26:06 logger.ServerLogger writeLogMessage
INFO: Server spusten
3.3.2010 17:29:19 logger.ServerLogger writeLogMessage
INFO: Server spusten
3.3.2010 18:29:07 logger.ServerLogger writeLogMessage
INFO: Server spusten
10.3.2010 16:24:19 logger.ServerLogger writeLogMessage
INFO: Server spusten
17.3.2010 20:29:54 logger.ServerLogger writeLogMessage
INFO: Server spusten
23.3.2010 14:37:32 logger.ServerLogger writeLogMessage
INFO: Server spusten
23.3.2010 14:52:22 logger.ServerLogger writeLogMessage
INFO: Server spusten
26.3.2010 15:42:55 logger.ServerLogger writeLogMessage
INFO: Server spusten
26.3.2010 15:42:57 ServiceFacadeManager getInstance
FINER: THROW
java.rmi.server.ExportException: Listen failed on port: 1099; nested exception is: 
	java.net.SocketException: Unrecognized Windows Sockets error: 0: JVM_Bind
	at sun.rmi.transport.tcp.TCPTransport.listen(TCPTransport.java:312)
	at sun.rmi.transport.tcp.TCPTransport.exportObject(TCPTransport.java:218)
	at sun.rmi.transport.tcp.TCPEndpoint.exportObject(TCPEndpoint.java:393)
	at sun.rmi.transport.LiveRef.exportObject(LiveRef.java:129)
	at sun.rmi.server.UnicastServerRef.exportObject(UnicastServerRef.java:190)
	at sun.rmi.registry.RegistryImpl.setup(RegistryImpl.java:92)
	at sun.rmi.registry.RegistryImpl.<init>(RegistryImpl.java:78)
	at java.rmi.registry.LocateRegistry.createRegistry(LocateRegistry.java:186)
	at server.Main.main(Main.java:39)
Caused by: java.net.SocketException: Unrecognized Windows Sockets error: 0: JVM_Bind
	at java.net.PlainSocketImpl.socketBind(Native Method)
	at java.net.PlainSocketImpl.bind(PlainSocketImpl.java:365)
	at java.net.ServerSocket.bind(ServerSocket.java:319)
	at java.net.ServerSocket.<init>(ServerSocket.java:185)
	at java.net.ServerSocket.<init>(ServerSocket.java:97)
	at sun.rmi.transport.proxy.RMIDirectSocketFactory.createServerSocket(RMIDirectSocketFactory.java:27)
	at sun.rmi.transport.proxy.RMIMasterSocketFactory.createServerSocket(RMIMasterSocketFactory.java:333)
	at sun.rmi.transport.tcp.TCPEndpoint.newServerSocket(TCPEndpoint.java:649)
	at sun.rmi.transport.tcp.TCPTransport.listen(TCPTransport.java:299)
	... 8 more
26.3.2010 15:42:57 ServiceFacadeCash getInstance
FINER: THROW
java.rmi.server.ExportException: Listen failed on port: 1099; nested exception is: 
	java.net.SocketException: Unrecognized Windows Sockets error: 0: JVM_Bind
	at sun.rmi.transport.tcp.TCPTransport.listen(TCPTransport.java:312)
	at sun.rmi.transport.tcp.TCPTransport.exportObject(TCPTransport.java:218)
	at sun.rmi.transport.tcp.TCPEndpoint.exportObject(TCPEndpoint.java:393)
	at sun.rmi.transport.LiveRef.exportObject(LiveRef.java:129)
	at sun.rmi.server.UnicastServerRef.exportObject(UnicastServerRef.java:190)
	at sun.rmi.registry.RegistryImpl.setup(RegistryImpl.java:92)
	at sun.rmi.registry.RegistryImpl.<init>(RegistryImpl.java:78)
	at java.rmi.registry.LocateRegistry.createRegistry(LocateRegistry.java:186)
	at server.Main.main(Main.java:39)
Caused by: java.net.SocketException: Unrecognized Windows Sockets error: 0: JVM_Bind
	at java.net.PlainSocketImpl.socketBind(Native Method)
	at java.net.PlainSocketImpl.bind(PlainSocketImpl.java:365)
	at java.net.ServerSocket.bind(ServerSocket.java:319)
	at java.net.ServerSocket.<init>(ServerSocket.java:185)
	at java.net.ServerSocket.<init>(ServerSocket.java:97)
	at sun.rmi.transport.proxy.RMIDirectSocketFactory.createServerSocket(RMIDirectSocketFactory.java:27)
	at sun.rmi.transport.proxy.RMIMasterSocketFactory.createServerSocket(RMIMasterSocketFactory.java:333)
	at sun.rmi.transport.tcp.TCPEndpoint.newServerSocket(TCPEndpoint.java:649)
	at sun.rmi.transport.tcp.TCPTransport.listen(TCPTransport.java:299)
	... 8 more
26.3.2010 15:42:57 ServiceFacadePDA getInstance
FINER: THROW
java.rmi.server.ExportException: Listen failed on port: 1099; nested exception is: 
	java.net.SocketException: Unrecognized Windows Sockets error: 0: JVM_Bind
	at sun.rmi.transport.tcp.TCPTransport.listen(TCPTransport.java:312)
	at sun.rmi.transport.tcp.TCPTransport.exportObject(TCPTransport.java:218)
	at sun.rmi.transport.tcp.TCPEndpoint.exportObject(TCPEndpoint.java:393)
	at sun.rmi.transport.LiveRef.exportObject(LiveRef.java:129)
	at sun.rmi.server.UnicastServerRef.exportObject(UnicastServerRef.java:190)
	at sun.rmi.registry.RegistryImpl.setup(RegistryImpl.java:92)
	at sun.rmi.registry.RegistryImpl.<init>(RegistryImpl.java:78)
	at java.rmi.registry.LocateRegistry.createRegistry(LocateRegistry.java:186)
	at server.Main.main(Main.java:39)
Caused by: java.net.SocketException: Unrecognized Windows Sockets error: 0: JVM_Bind
	at java.net.PlainSocketImpl.socketBind(Native Method)
	at java.net.PlainSocketImpl.bind(PlainSocketImpl.java:365)
	at java.net.ServerSocket.bind(ServerSocket.java:319)
	at java.net.ServerSocket.<init>(ServerSocket.java:185)
	at java.net.ServerSocket.<init>(ServerSocket.java:97)
	at sun.rmi.transport.proxy.RMIDirectSocketFactory.createServerSocket(RMIDirectSocketFactory.java:27)
	at sun.rmi.transport.proxy.RMIMasterSocketFactory.createServerSocket(RMIMasterSocketFactory.java:333)
	at sun.rmi.transport.tcp.TCPEndpoint.newServerSocket(TCPEndpoint.java:649)
	at sun.rmi.transport.tcp.TCPTransport.listen(TCPTransport.java:299)
	... 8 more
26.3.2010 15:42:57 ServiceFacadeManager initServiceFacadeRMI
FINER: THROW
java.rmi.server.ExportException: Listen failed on port: 1099; nested exception is: 
	java.net.SocketException: Unrecognized Windows Sockets error: 0: JVM_Bind
	at sun.rmi.transport.tcp.TCPTransport.listen(TCPTransport.java:312)
	at sun.rmi.transport.tcp.TCPTransport.exportObject(TCPTransport.java:218)
	at sun.rmi.transport.tcp.TCPEndpoint.exportObject(TCPEndpoint.java:393)
	at sun.rmi.transport.LiveRef.exportObject(LiveRef.java:129)
	at sun.rmi.server.UnicastServerRef.exportObject(UnicastServerRef.java:190)
	at sun.rmi.registry.RegistryImpl.setup(RegistryImpl.java:92)
	at sun.rmi.registry.RegistryImpl.<init>(RegistryImpl.java:78)
	at java.rmi.registry.LocateRegistry.createRegistry(LocateRegistry.java:186)
	at server.Main.main(Main.java:39)
Caused by: java.net.SocketException: Unrecognized Windows Sockets error: 0: JVM_Bind
	at java.net.PlainSocketImpl.socketBind(Native Method)
	at java.net.PlainSocketImpl.bind(PlainSocketImpl.java:365)
	at java.net.ServerSocket.bind(ServerSocket.java:319)
	at java.net.ServerSocket.<init>(ServerSocket.java:185)
	at java.net.ServerSocket.<init>(ServerSocket.java:97)
	at sun.rmi.transport.proxy.RMIDirectSocketFactory.createServerSocket(RMIDirectSocketFactory.java:27)
	at sun.rmi.transport.proxy.RMIMasterSocketFactory.createServerSocket(RMIMasterSocketFactory.java:333)
	at sun.rmi.transport.tcp.TCPEndpoint.newServerSocket(TCPEndpoint.java:649)
	at sun.rmi.transport.tcp.TCPTransport.listen(TCPTransport.java:299)
	... 8 more
26.3.2010 15:42:57 ServiceFacadeCash initServiceFacadeRMI
FINER: THROW
java.rmi.server.ExportException: Listen failed on port: 1099; nested exception is: 
	java.net.SocketException: Unrecognized Windows Sockets error: 0: JVM_Bind
	at sun.rmi.transport.tcp.TCPTransport.listen(TCPTransport.java:312)
	at sun.rmi.transport.tcp.TCPTransport.exportObject(TCPTransport.java:218)
	at sun.rmi.transport.tcp.TCPEndpoint.exportObject(TCPEndpoint.java:393)
	at sun.rmi.transport.LiveRef.exportObject(LiveRef.java:129)
	at sun.rmi.server.UnicastServerRef.exportObject(UnicastServerRef.java:190)
	at sun.rmi.registry.RegistryImpl.setup(RegistryImpl.java:92)
	at sun.rmi.registry.RegistryImpl.<init>(RegistryImpl.java:78)
	at java.rmi.registry.LocateRegistry.createRegistry(LocateRegistry.java:186)
	at server.Main.main(Main.java:39)
Caused by: java.net.SocketException: Unrecognized Windows Sockets error: 0: JVM_Bind
	at java.net.PlainSocketImpl.socketBind(Native Method)
	at java.net.PlainSocketImpl.bind(PlainSocketImpl.java:365)
	at java.net.ServerSocket.bind(ServerSocket.java:319)
	at java.net.ServerSocket.<init>(ServerSocket.java:185)
	at java.net.ServerSocket.<init>(ServerSocket.java:97)
	at sun.rmi.transport.proxy.RMIDirectSocketFactory.createServerSocket(RMIDirectSocketFactory.java:27)
	at sun.rmi.transport.proxy.RMIMasterSocketFactory.createServerSocket(RMIMasterSocketFactory.java:333)
	at sun.rmi.transport.tcp.TCPEndpoint.newServerSocket(TCPEndpoint.java:649)
	at sun.rmi.transport.tcp.TCPTransport.listen(TCPTransport.java:299)
	... 8 more
26.3.2010 15:42:57 ServiceFacadePDA initServiceFacadeRMI
FINER: THROW
java.rmi.server.ExportException: Listen failed on port: 1099; nested exception is: 
	java.net.SocketException: Unrecognized Windows Sockets error: 0: JVM_Bind
	at sun.rmi.transport.tcp.TCPTransport.listen(TCPTransport.java:312)
	at sun.rmi.transport.tcp.TCPTransport.exportObject(TCPTransport.java:218)
	at sun.rmi.transport.tcp.TCPEndpoint.exportObject(TCPEndpoint.java:393)
	at sun.rmi.transport.LiveRef.exportObject(LiveRef.java:129)
	at sun.rmi.server.UnicastServerRef.exportObject(UnicastServerRef.java:190)
	at sun.rmi.registry.RegistryImpl.setup(RegistryImpl.java:92)
	at sun.rmi.registry.RegistryImpl.<init>(RegistryImpl.java:78)
	at java.rmi.registry.LocateRegistry.createRegistry(LocateRegistry.java:186)
	at server.Main.main(Main.java:39)
Caused by: java.net.SocketException: Unrecognized Windows Sockets error: 0: JVM_Bind
	at java.net.PlainSocketImpl.socketBind(Native Method)
	at java.net.PlainSocketImpl.bind(PlainSocketImpl.java:365)
	at java.net.ServerSocket.bind(ServerSocket.java:319)
	at java.net.ServerSocket.<init>(ServerSocket.java:185)
	at java.net.ServerSocket.<init>(ServerSocket.java:97)
	at sun.rmi.transport.proxy.RMIDirectSocketFactory.createServerSocket(RMIDirectSocketFactory.java:27)
	at sun.rmi.transport.proxy.RMIMasterSocketFactory.createServerSocket(RMIMasterSocketFactory.java:333)
	at sun.rmi.transport.tcp.TCPEndpoint.newServerSocket(TCPEndpoint.java:649)
	at sun.rmi.transport.tcp.TCPTransport.listen(TCPTransport.java:299)
	... 8 more
26.3.2010 15:46:33 logger.ServerLogger writeLogMessage
INFO: Server spusten
26.3.2010 15:46:35 ServiceFacadeManager getInstance
FINER: THROW
java.rmi.server.ExportException: Listen failed on port: 1099; nested exception is: 
	java.net.SocketException: Unrecognized Windows Sockets error: 0: JVM_Bind
	at sun.rmi.transport.tcp.TCPTransport.listen(TCPTransport.java:312)
	at sun.rmi.transport.tcp.TCPTransport.exportObject(TCPTransport.java:218)
	at sun.rmi.transport.tcp.TCPEndpoint.exportObject(TCPEndpoint.java:393)
	at sun.rmi.transport.LiveRef.exportObject(LiveRef.java:129)
	at sun.rmi.server.UnicastServerRef.exportObject(UnicastServerRef.java:190)
	at sun.rmi.registry.RegistryImpl.setup(RegistryImpl.java:92)
	at sun.rmi.registry.RegistryImpl.<init>(RegistryImpl.java:78)
	at java.rmi.registry.LocateRegistry.createRegistry(LocateRegistry.java:186)
	at server.Main.main(Main.java:39)
Caused by: java.net.SocketException: Unrecognized Windows Sockets error: 0: JVM_Bind
	at java.net.PlainSocketImpl.socketBind(Native Method)
	at java.net.PlainSocketImpl.bind(PlainSocketImpl.java:365)
	at java.net.ServerSocket.bind(ServerSocket.java:319)
	at java.net.ServerSocket.<init>(ServerSocket.java:185)
	at java.net.ServerSocket.<init>(ServerSocket.java:97)
	at sun.rmi.transport.proxy.RMIDirectSocketFactory.createServerSocket(RMIDirectSocketFactory.java:27)
	at sun.rmi.transport.proxy.RMIMasterSocketFactory.createServerSocket(RMIMasterSocketFactory.java:333)
	at sun.rmi.transport.tcp.TCPEndpoint.newServerSocket(TCPEndpoint.java:649)
	at sun.rmi.transport.tcp.TCPTransport.listen(TCPTransport.java:299)
	... 8 more
26.3.2010 15:46:35 ServiceFacadeCash getInstance
FINER: THROW
java.rmi.server.ExportException: Listen failed on port: 1099; nested exception is: 
	java.net.SocketException: Unrecognized Windows Sockets error: 0: JVM_Bind
	at sun.rmi.transport.tcp.TCPTransport.listen(TCPTransport.java:312)
	at sun.rmi.transport.tcp.TCPTransport.exportObject(TCPTransport.java:218)
	at sun.rmi.transport.tcp.TCPEndpoint.exportObject(TCPEndpoint.java:393)
	at sun.rmi.transport.LiveRef.exportObject(LiveRef.java:129)
	at sun.rmi.server.UnicastServerRef.exportObject(UnicastServerRef.java:190)
	at sun.rmi.registry.RegistryImpl.setup(RegistryImpl.java:92)
	at sun.rmi.registry.RegistryImpl.<init>(RegistryImpl.java:78)
	at java.rmi.registry.LocateRegistry.createRegistry(LocateRegistry.java:186)
	at server.Main.main(Main.java:39)
Caused by: java.net.SocketException: Unrecognized Windows Sockets error: 0: JVM_Bind
	at java.net.PlainSocketImpl.socketBind(Native Method)
	at java.net.PlainSocketImpl.bind(PlainSocketImpl.java:365)
	at java.net.ServerSocket.bind(ServerSocket.java:319)
	at java.net.ServerSocket.<init>(ServerSocket.java:185)
	at java.net.ServerSocket.<init>(ServerSocket.java:97)
	at sun.rmi.transport.proxy.RMIDirectSocketFactory.createServerSocket(RMIDirectSocketFactory.java:27)
	at sun.rmi.transport.proxy.RMIMasterSocketFactory.createServerSocket(RMIMasterSocketFactory.java:333)
	at sun.rmi.transport.tcp.TCPEndpoint.newServerSocket(TCPEndpoint.java:649)
	at sun.rmi.transport.tcp.TCPTransport.listen(TCPTransport.java:299)
	... 8 more
26.3.2010 15:46:35 ServiceFacadePDA getInstance
FINER: THROW
java.rmi.server.ExportException: Listen failed on port: 1099; nested exception is: 
	java.net.SocketException: Unrecognized Windows Sockets error: 0: JVM_Bind
	at sun.rmi.transport.tcp.TCPTransport.listen(TCPTransport.java:312)
	at sun.rmi.transport.tcp.TCPTransport.exportObject(TCPTransport.java:218)
	at sun.rmi.transport.tcp.TCPEndpoint.exportObject(TCPEndpoint.java:393)
	at sun.rmi.transport.LiveRef.exportObject(LiveRef.java:129)
	at sun.rmi.server.UnicastServerRef.exportObject(UnicastServerRef.java:190)
	at sun.rmi.registry.RegistryImpl.setup(RegistryImpl.java:92)
	at sun.rmi.registry.RegistryImpl.<init>(RegistryImpl.java:78)
	at java.rmi.registry.LocateRegistry.createRegistry(LocateRegistry.java:186)
	at server.Main.main(Main.java:39)
Caused by: java.net.SocketException: Unrecognized Windows Sockets error: 0: JVM_Bind
	at java.net.PlainSocketImpl.socketBind(Native Method)
	at java.net.PlainSocketImpl.bind(PlainSocketImpl.java:365)
	at java.net.ServerSocket.bind(ServerSocket.java:319)
	at java.net.ServerSocket.<init>(ServerSocket.java:185)
	at java.net.ServerSocket.<init>(ServerSocket.java:97)
	at sun.rmi.transport.proxy.RMIDirectSocketFactory.createServerSocket(RMIDirectSocketFactory.java:27)
	at sun.rmi.transport.proxy.RMIMasterSocketFactory.createServerSocket(RMIMasterSocketFactory.java:333)
	at sun.rmi.transport.tcp.TCPEndpoint.newServerSocket(TCPEndpoint.java:649)
	at sun.rmi.transport.tcp.TCPTransport.listen(TCPTransport.java:299)
	... 8 more
26.3.2010 15:46:35 ServiceFacadeManager initServiceFacadeRMI
FINER: THROW
java.rmi.server.ExportException: Listen failed on port: 1099; nested exception is: 
	java.net.SocketException: Unrecognized Windows Sockets error: 0: JVM_Bind
	at sun.rmi.transport.tcp.TCPTransport.listen(TCPTransport.java:312)
	at sun.rmi.transport.tcp.TCPTransport.exportObject(TCPTransport.java:218)
	at sun.rmi.transport.tcp.TCPEndpoint.exportObject(TCPEndpoint.java:393)
	at sun.rmi.transport.LiveRef.exportObject(LiveRef.java:129)
	at sun.rmi.server.UnicastServerRef.exportObject(UnicastServerRef.java:190)
	at sun.rmi.registry.RegistryImpl.setup(RegistryImpl.java:92)
	at sun.rmi.registry.RegistryImpl.<init>(RegistryImpl.java:78)
	at java.rmi.registry.LocateRegistry.createRegistry(LocateRegistry.java:186)
	at server.Main.main(Main.java:39)
Caused by: java.net.SocketException: Unrecognized Windows Sockets error: 0: JVM_Bind
	at java.net.PlainSocketImpl.socketBind(Native Method)
	at java.net.PlainSocketImpl.bind(PlainSocketImpl.java:365)
	at java.net.ServerSocket.bind(ServerSocket.java:319)
	at java.net.ServerSocket.<init>(ServerSocket.java:185)
	at java.net.ServerSocket.<init>(ServerSocket.java:97)
	at sun.rmi.transport.proxy.RMIDirectSocketFactory.createServerSocket(RMIDirectSocketFactory.java:27)
	at sun.rmi.transport.proxy.RMIMasterSocketFactory.createServerSocket(RMIMasterSocketFactory.java:333)
	at sun.rmi.transport.tcp.TCPEndpoint.newServerSocket(TCPEndpoint.java:649)
	at sun.rmi.transport.tcp.TCPTransport.listen(TCPTransport.java:299)
	... 8 more
26.3.2010 15:46:35 ServiceFacadeCash initServiceFacadeRMI
FINER: THROW
java.rmi.server.ExportException: Listen failed on port: 1099; nested exception is: 
	java.net.SocketException: Unrecognized Windows Sockets error: 0: JVM_Bind
	at sun.rmi.transport.tcp.TCPTransport.listen(TCPTransport.java:312)
	at sun.rmi.transport.tcp.TCPTransport.exportObject(TCPTransport.java:218)
	at sun.rmi.transport.tcp.TCPEndpoint.exportObject(TCPEndpoint.java:393)
	at sun.rmi.transport.LiveRef.exportObject(LiveRef.java:129)
	at sun.rmi.server.UnicastServerRef.exportObject(UnicastServerRef.java:190)
	at sun.rmi.registry.RegistryImpl.setup(RegistryImpl.java:92)
	at sun.rmi.registry.RegistryImpl.<init>(RegistryImpl.java:78)
	at java.rmi.registry.LocateRegistry.createRegistry(LocateRegistry.java:186)
	at server.Main.main(Main.java:39)
Caused by: java.net.SocketException: Unrecognized Windows Sockets error: 0: JVM_Bind
	at java.net.PlainSocketImpl.socketBind(Native Method)
	at java.net.PlainSocketImpl.bind(PlainSocketImpl.java:365)
	at java.net.ServerSocket.bind(ServerSocket.java:319)
	at java.net.ServerSocket.<init>(ServerSocket.java:185)
	at java.net.ServerSocket.<init>(ServerSocket.java:97)
	at sun.rmi.transport.proxy.RMIDirectSocketFactory.createServerSocket(RMIDirectSocketFactory.java:27)
	at sun.rmi.transport.proxy.RMIMasterSocketFactory.createServerSocket(RMIMasterSocketFactory.java:333)
	at sun.rmi.transport.tcp.TCPEndpoint.newServerSocket(TCPEndpoint.java:649)
	at sun.rmi.transport.tcp.TCPTransport.listen(TCPTransport.java:299)
	... 8 more
26.3.2010 15:46:35 ServiceFacadePDA initServiceFacadeRMI
FINER: THROW
java.rmi.server.ExportException: Listen failed on port: 1099; nested exception is: 
	java.net.SocketException: Unrecognized Windows Sockets error: 0: JVM_Bind
	at sun.rmi.transport.tcp.TCPTransport.listen(TCPTransport.java:312)
	at sun.rmi.transport.tcp.TCPTransport.exportObject(TCPTransport.java:218)
	at sun.rmi.transport.tcp.TCPEndpoint.exportObject(TCPEndpoint.java:393)
	at sun.rmi.transport.LiveRef.exportObject(LiveRef.java:129)
	at sun.rmi.server.UnicastServerRef.exportObject(UnicastServerRef.java:190)
	at sun.rmi.registry.RegistryImpl.setup(RegistryImpl.java:92)
	at sun.rmi.registry.RegistryImpl.<init>(RegistryImpl.java:78)
	at java.rmi.registry.LocateRegistry.createRegistry(LocateRegistry.java:186)
	at server.Main.main(Main.java:39)
Caused by: java.net.SocketException: Unrecognized Windows Sockets error: 0: JVM_Bind
	at java.net.PlainSocketImpl.socketBind(Native Method)
	at java.net.PlainSocketImpl.bind(PlainSocketImpl.java:365)
	at java.net.ServerSocket.bind(ServerSocket.java:319)
	at java.net.ServerSocket.<init>(ServerSocket.java:185)
	at java.net.ServerSocket.<init>(ServerSocket.java:97)
	at sun.rmi.transport.proxy.RMIDirectSocketFactory.createServerSocket(RMIDirectSocketFactory.java:27)
	at sun.rmi.transport.proxy.RMIMasterSocketFactory.createServerSocket(RMIMasterSocketFactory.java:333)
	at sun.rmi.transport.tcp.TCPEndpoint.newServerSocket(TCPEndpoint.java:649)
	at sun.rmi.transport.tcp.TCPTransport.listen(TCPTransport.java:299)
	... 8 more
30.3.2010 14:53:50 logger.ServerLogger writeLogMessage
INFO: Server spusten
30.3.2010 15:19:15 logger.ServerLogger writeLogMessage
INFO: Server spusten
30.3.2010 15:56:29 logger.ServerLogger writeLogMessage
INFO: Server spusten
30.3.2010 16:06:11 logger.ServerLogger writeLogMessage
INFO: Server spusten
30.3.2010 16:07:15 logger.ServerLogger writeLogMessage
INFO: Server spusten
31.3.2010 9:42:03 logger.ServerLogger writeLogMessage
INFO: Server spusten
31.3.2010 14:55:59 logger.ServerLogger writeLogMessage
INFO: Server spusten
31.3.2010 15:22:08 logger.ServerLogger writeLogMessage
INFO: Server spusten
31.3.2010 15:22:55 logger.ServerLogger writeLogMessage
INFO: Server spusten
4.4.2010 18:40:25 logger.ServerLogger writeLogMessage
INFO: Server spusten
5.4.2010 11:45:35 logger.ServerLogger writeLogMessage
INFO: Server spusten
5.4.2010 12:24:08 logger.ServerLogger writeLogMessage
INFO: Server spusten
5.4.2010 12:24:10 ServiceFacadeManager getInstance
FINER: THROW
java.rmi.server.ExportException: Listen failed on port: 1099; nested exception is: 
	java.net.SocketException: Unrecognized Windows Sockets error: 0: JVM_Bind
	at sun.rmi.transport.tcp.TCPTransport.listen(TCPTransport.java:312)
	at sun.rmi.transport.tcp.TCPTransport.exportObject(TCPTransport.java:218)
	at sun.rmi.transport.tcp.TCPEndpoint.exportObject(TCPEndpoint.java:393)
	at sun.rmi.transport.LiveRef.exportObject(LiveRef.java:129)
	at sun.rmi.server.UnicastServerRef.exportObject(UnicastServerRef.java:190)
	at sun.rmi.registry.RegistryImpl.setup(RegistryImpl.java:92)
	at sun.rmi.registry.RegistryImpl.<init>(RegistryImpl.java:78)
	at java.rmi.registry.LocateRegistry.createRegistry(LocateRegistry.java:186)
	at server.Main.main(Main.java:39)
Caused by: java.net.SocketException: Unrecognized Windows Sockets error: 0: JVM_Bind
	at java.net.PlainSocketImpl.socketBind(Native Method)
	at java.net.PlainSocketImpl.bind(PlainSocketImpl.java:365)
	at java.net.ServerSocket.bind(ServerSocket.java:319)
	at java.net.ServerSocket.<init>(ServerSocket.java:185)
	at java.net.ServerSocket.<init>(ServerSocket.java:97)
	at sun.rmi.transport.proxy.RMIDirectSocketFactory.createServerSocket(RMIDirectSocketFactory.java:27)
	at sun.rmi.transport.proxy.RMIMasterSocketFactory.createServerSocket(RMIMasterSocketFactory.java:333)
	at sun.rmi.transport.tcp.TCPEndpoint.newServerSocket(TCPEndpoint.java:649)
	at sun.rmi.transport.tcp.TCPTransport.listen(TCPTransport.java:299)
	... 8 more
5.4.2010 12:24:10 ServiceFacadeCash getInstance
FINER: THROW
java.rmi.server.ExportException: Listen failed on port: 1099; nested exception is: 
	java.net.SocketException: Unrecognized Windows Sockets error: 0: JVM_Bind
	at sun.rmi.transport.tcp.TCPTransport.listen(TCPTransport.java:312)
	at sun.rmi.transport.tcp.TCPTransport.exportObject(TCPTransport.java:218)
	at sun.rmi.transport.tcp.TCPEndpoint.exportObject(TCPEndpoint.java:393)
	at sun.rmi.transport.LiveRef.exportObject(LiveRef.java:129)
	at sun.rmi.server.UnicastServerRef.exportObject(UnicastServerRef.java:190)
	at sun.rmi.registry.RegistryImpl.setup(RegistryImpl.java:92)
	at sun.rmi.registry.RegistryImpl.<init>(RegistryImpl.java:78)
	at java.rmi.registry.LocateRegistry.createRegistry(LocateRegistry.java:186)
	at server.Main.main(Main.java:39)
Caused by: java.net.SocketException: Unrecognized Windows Sockets error: 0: JVM_Bind
	at java.net.PlainSocketImpl.socketBind(Native Method)
	at java.net.PlainSocketImpl.bind(PlainSocketImpl.java:365)
	at java.net.ServerSocket.bind(ServerSocket.java:319)
	at java.net.ServerSocket.<init>(ServerSocket.java:185)
	at java.net.ServerSocket.<init>(ServerSocket.java:97)
	at sun.rmi.transport.proxy.RMIDirectSocketFactory.createServerSocket(RMIDirectSocketFactory.java:27)
	at sun.rmi.transport.proxy.RMIMasterSocketFactory.createServerSocket(RMIMasterSocketFactory.java:333)
	at sun.rmi.transport.tcp.TCPEndpoint.newServerSocket(TCPEndpoint.java:649)
	at sun.rmi.transport.tcp.TCPTransport.listen(TCPTransport.java:299)
	... 8 more
5.4.2010 12:24:10 ServiceFacadePDA getInstance
FINER: THROW
java.rmi.server.ExportException: Listen failed on port: 1099; nested exception is: 
	java.net.SocketException: Unrecognized Windows Sockets error: 0: JVM_Bind
	at sun.rmi.transport.tcp.TCPTransport.listen(TCPTransport.java:312)
	at sun.rmi.transport.tcp.TCPTransport.exportObject(TCPTransport.java:218)
	at sun.rmi.transport.tcp.TCPEndpoint.exportObject(TCPEndpoint.java:393)
	at sun.rmi.transport.LiveRef.exportObject(LiveRef.java:129)
	at sun.rmi.server.UnicastServerRef.exportObject(UnicastServerRef.java:190)
	at sun.rmi.registry.RegistryImpl.setup(RegistryImpl.java:92)
	at sun.rmi.registry.RegistryImpl.<init>(RegistryImpl.java:78)
	at java.rmi.registry.LocateRegistry.createRegistry(LocateRegistry.java:186)
	at server.Main.main(Main.java:39)
Caused by: java.net.SocketException: Unrecognized Windows Sockets error: 0: JVM_Bind
	at java.net.PlainSocketImpl.socketBind(Native Method)
	at java.net.PlainSocketImpl.bind(PlainSocketImpl.java:365)
	at java.net.ServerSocket.bind(ServerSocket.java:319)
	at java.net.ServerSocket.<init>(ServerSocket.java:185)
	at java.net.ServerSocket.<init>(ServerSocket.java:97)
	at sun.rmi.transport.proxy.RMIDirectSocketFactory.createServerSocket(RMIDirectSocketFactory.java:27)
	at sun.rmi.transport.proxy.RMIMasterSocketFactory.createServerSocket(RMIMasterSocketFactory.java:333)
	at sun.rmi.transport.tcp.TCPEndpoint.newServerSocket(TCPEndpoint.java:649)
	at sun.rmi.transport.tcp.TCPTransport.listen(TCPTransport.java:299)
	... 8 more
5.4.2010 12:24:10 ServiceFacadeManager initServiceFacadeRMI
FINER: THROW
java.rmi.server.ExportException: Listen failed on port: 1099; nested exception is: 
	java.net.SocketException: Unrecognized Windows Sockets error: 0: JVM_Bind
	at sun.rmi.transport.tcp.TCPTransport.listen(TCPTransport.java:312)
	at sun.rmi.transport.tcp.TCPTransport.exportObject(TCPTransport.java:218)
	at sun.rmi.transport.tcp.TCPEndpoint.exportObject(TCPEndpoint.java:393)
	at sun.rmi.transport.LiveRef.exportObject(LiveRef.java:129)
	at sun.rmi.server.UnicastServerRef.exportObject(UnicastServerRef.java:190)
	at sun.rmi.registry.RegistryImpl.setup(RegistryImpl.java:92)
	at sun.rmi.registry.RegistryImpl.<init>(RegistryImpl.java:78)
	at java.rmi.registry.LocateRegistry.createRegistry(LocateRegistry.java:186)
	at server.Main.main(Main.java:39)
Caused by: java.net.SocketException: Unrecognized Windows Sockets error: 0: JVM_Bind
	at java.net.PlainSocketImpl.socketBind(Native Method)
	at java.net.PlainSocketImpl.bind(PlainSocketImpl.java:365)
	at java.net.ServerSocket.bind(ServerSocket.java:319)
	at java.net.ServerSocket.<init>(ServerSocket.java:185)
	at java.net.ServerSocket.<init>(ServerSocket.java:97)
	at sun.rmi.transport.proxy.RMIDirectSocketFactory.createServerSocket(RMIDirectSocketFactory.java:27)
	at sun.rmi.transport.proxy.RMIMasterSocketFactory.createServerSocket(RMIMasterSocketFactory.java:333)
	at sun.rmi.transport.tcp.TCPEndpoint.newServerSocket(TCPEndpoint.java:649)
	at sun.rmi.transport.tcp.TCPTransport.listen(TCPTransport.java:299)
	... 8 more
5.4.2010 12:24:10 ServiceFacadeCash initServiceFacadeRMI
FINER: THROW
java.rmi.server.ExportException: Listen failed on port: 1099; nested exception is: 
	java.net.SocketException: Unrecognized Windows Sockets error: 0: JVM_Bind
	at sun.rmi.transport.tcp.TCPTransport.listen(TCPTransport.java:312)
	at sun.rmi.transport.tcp.TCPTransport.exportObject(TCPTransport.java:218)
	at sun.rmi.transport.tcp.TCPEndpoint.exportObject(TCPEndpoint.java:393)
	at sun.rmi.transport.LiveRef.exportObject(LiveRef.java:129)
	at sun.rmi.server.UnicastServerRef.exportObject(UnicastServerRef.java:190)
	at sun.rmi.registry.RegistryImpl.setup(RegistryImpl.java:92)
	at sun.rmi.registry.RegistryImpl.<init>(RegistryImpl.java:78)
	at java.rmi.registry.LocateRegistry.createRegistry(LocateRegistry.java:186)
	at server.Main.main(Main.java:39)
Caused by: java.net.SocketException: Unrecognized Windows Sockets error: 0: JVM_Bind
	at java.net.PlainSocketImpl.socketBind(Native Method)
	at java.net.PlainSocketImpl.bind(PlainSocketImpl.java:365)
	at java.net.ServerSocket.bind(ServerSocket.java:319)
	at java.net.ServerSocket.<init>(ServerSocket.java:185)
	at java.net.ServerSocket.<init>(ServerSocket.java:97)
	at sun.rmi.transport.proxy.RMIDirectSocketFactory.createServerSocket(RMIDirectSocketFactory.java:27)
	at sun.rmi.transport.proxy.RMIMasterSocketFactory.createServerSocket(RMIMasterSocketFactory.java:333)
	at sun.rmi.transport.tcp.TCPEndpoint.newServerSocket(TCPEndpoint.java:649)
	at sun.rmi.transport.tcp.TCPTransport.listen(TCPTransport.java:299)
	... 8 more
5.4.2010 12:24:10 ServiceFacadePDA initServiceFacadeRMI
FINER: THROW
java.rmi.server.ExportException: Listen failed on port: 1099; nested exception is: 
	java.net.SocketException: Unrecognized Windows Sockets error: 0: JVM_Bind
	at sun.rmi.transport.tcp.TCPTransport.listen(TCPTransport.java:312)
	at sun.rmi.transport.tcp.TCPTransport.exportObject(TCPTransport.java:218)
	at sun.rmi.transport.tcp.TCPEndpoint.exportObject(TCPEndpoint.java:393)
	at sun.rmi.transport.LiveRef.exportObject(LiveRef.java:129)
	at sun.rmi.server.UnicastServerRef.exportObject(UnicastServerRef.java:190)
	at sun.rmi.registry.RegistryImpl.setup(RegistryImpl.java:92)
	at sun.rmi.registry.RegistryImpl.<init>(RegistryImpl.java:78)
	at java.rmi.registry.LocateRegistry.createRegistry(LocateRegistry.java:186)
	at server.Main.main(Main.java:39)
Caused by: java.net.SocketException: Unrecognized Windows Sockets error: 0: JVM_Bind
	at java.net.PlainSocketImpl.socketBind(Native Method)
	at java.net.PlainSocketImpl.bind(PlainSocketImpl.java:365)
	at java.net.ServerSocket.bind(ServerSocket.java:319)
	at java.net.ServerSocket.<init>(ServerSocket.java:185)
	at java.net.ServerSocket.<init>(ServerSocket.java:97)
	at sun.rmi.transport.proxy.RMIDirectSocketFactory.createServerSocket(RMIDirectSocketFactory.java:27)
	at sun.rmi.transport.proxy.RMIMasterSocketFactory.createServerSocket(RMIMasterSocketFactory.java:333)
	at sun.rmi.transport.tcp.TCPEndpoint.newServerSocket(TCPEndpoint.java:649)
	at sun.rmi.transport.tcp.TCPTransport.listen(TCPTransport.java:299)
	... 8 more
5.4.2010 12:24:18 logger.ServerLogger writeLogMessage
INFO: Server spusten
5.4.2010 12:29:11 logger.ServerLogger writeLogMessage
INFO: Server spusten
8.4.2010 13:31:48 logger.ServerLogger writeLogMessage
INFO: Server spusten
